<?xml version='1.0' encoding='UTF-8'?>
<!DOCTYPE coverage SYSTEM 'http://cobertura.sourceforge.net/xml/coverage-04.dtd'>
<coverage line-rate="0.6662404092071611" branch-rate="0.15493073202721536" lines-covered="1563" lines-valid="2346" branches-covered="3780" branches-valid="24398" complexity="0.0" timestamp="1735915549" version="gcovr 8.2"><sources><source>../..</source></sources><packages><package name="bench" line-rate="0.0" branch-rate="0.0" complexity="0.0"><classes><class name="layer_bench_cpp" filename="bench/layer_bench.cpp" line-rate="0.0" branch-rate="0.0" complexity="0.0"><methods/><lines><line number="24" hits="0" branch="true" condition-coverage="0% (0/8)"><conditions><condition number="0" type="jump" coverage="0%"/></conditions></line><line number="25" hits="0" branch="false"/><line number="26" hits="0" branch="false"/><line number="27" hits="0" branch="false"/><line number="29" hits="0" branch="false"/><line number="30" hits="0" branch="true" condition-coverage="0% (0/2)"><conditions><condition number="0" type="jump" coverage="0%"/></conditions></line><line number="31" hits="0" branch="true" condition-coverage="0% (0/2)"><conditions><condition number="0" type="jump" coverage="0%"/></conditions></line><line number="32" hits="0" branch="false"/><line number="35" hits="0" branch="true" condition-coverage="0% (0/2)"><conditions><condition number="0" type="jump" coverage="0%"/></conditions></line><line number="36" hits="0" branch="true" condition-coverage="0% (0/2)"><conditions><condition number="0" type="jump" coverage="0%"/></conditions></line><line number="37" hits="0" branch="false"/><line number="40" hits="0" branch="true" condition-coverage="0% (0/2)"><conditions><condition number="0" type="jump" coverage="0%"/></conditions></line><line number="41" hits="0" branch="true" condition-coverage="0% (0/2)"><conditions><condition number="0" type="jump" coverage="0%"/></conditions></line><line number="42" hits="0" branch="false"/><line number="45" hits="0" branch="true" condition-coverage="0% (0/2)"><conditions><condition number="0" type="jump" coverage="0%"/></conditions></line><line number="46" hits="0" branch="true" condition-coverage="0% (0/2)"><conditions><condition number="0" type="jump" coverage="0%"/></conditions></line><line number="47" hits="0" branch="false"/><line number="50" hits="0" branch="false"/><line number="51" hits="0" branch="false"/><line number="53" hits="0" branch="false"/><line number="54" hits="0" branch="false"/><line number="59" hits="0" branch="false"/><line number="61" hits="0" branch="false"/><line number="62" hits="0" branch="false"/><line number="63" hits="0" branch="false"/><line number="68" hits="0" branch="false"/><line number="70" hits="0" branch="false"/><line number="71" hits="0" branch="false"/><line number="72" hits="0" branch="false"/><line number="88" hits="0" branch="true" condition-coverage="0% (0/8)"><conditions><condition number="0" type="jump" coverage="0%"/></conditions></line><line number="89" hits="0" branch="false"/><line number="90" hits="0" branch="false"/><line number="91" hits="0" branch="false"/><line number="93" hits="0" branch="false"/><line number="94" hits="0" branch="true" condition-coverage="0% (0/2)"><conditions><condition number="0" type="jump" coverage="0%"/></conditions></line><line number="95" hits="0" branch="true" condition-coverage="0% (0/2)"><conditions><condition number="0" type="jump" coverage="0%"/></conditions></line><line number="96" hits="0" branch="false"/><line number="99" hits="0" branch="true" condition-coverage="0% (0/2)"><conditions><condition number="0" type="jump" coverage="0%"/></conditions></line><line number="100" hits="0" branch="true" condition-coverage="0% (0/2)"><conditions><condition number="0" type="jump" coverage="0%"/></conditions></line><line number="101" hits="0" branch="false"/><line number="104" hits="0" branch="false"/><line number="105" hits="0" branch="false"/><line number="110" hits="0" branch="false"/><line number="112" hits="0" branch="false"/><line number="113" hits="0" branch="false"/><line number="114" hits="0" branch="false"/><line number="119" hits="0" branch="false"/><line number="121" hits="0" branch="false"/><line number="122" hits="0" branch="false"/><line number="123" hits="0" branch="false"/><line number="126" hits="0" branch="false"/><line number="128" hits="0" branch="false"/><line number="129" hits="0" branch="true" condition-coverage="0% (0/4)"><conditions><condition number="0" type="jump" coverage="0%"/></conditions></line><line number="131" hits="0" branch="true" condition-coverage="0% (0/2)"><conditions><condition number="0" type="jump" coverage="0%"/></conditions></line><line number="132" hits="0" branch="true" condition-coverage="0% (0/4)"><conditions><condition number="0" type="jump" coverage="0%"/></conditions></line><line number="136" hits="0" branch="true" condition-coverage="0% (0/2)"><conditions><condition number="0" type="jump" coverage="0%"/></conditions></line><line number="137" hits="0" branch="true" condition-coverage="0% (0/4)"><conditions><condition number="0" type="jump" coverage="0%"/></conditions></line><line number="139" hits="0" branch="true" condition-coverage="0% (0/2)"><conditions><condition number="0" type="jump" coverage="0%"/></conditions></line><line number="140" hits="0" branch="true" condition-coverage="0% (0/4)"><conditions><condition number="0" type="jump" coverage="0%"/></conditions></line><line number="144" hits="0" branch="true" condition-coverage="0% (0/2)"><conditions><condition number="0" type="jump" coverage="0%"/></conditions></line><line number="145" hits="0" branch="true" condition-coverage="0% (0/4)"><conditions><condition number="0" type="jump" coverage="0%"/></conditions></line><line number="147" hits="0" branch="true" condition-coverage="0% (0/2)"><conditions><condition number="0" type="jump" coverage="0%"/></conditions></line><line number="148" hits="0" branch="true" condition-coverage="0% (0/4)"><conditions><condition number="0" type="jump" coverage="0%"/></conditions></line><line number="152" hits="0" branch="true" condition-coverage="0% (0/2)"><conditions><condition number="0" type="jump" coverage="0%"/></conditions></line><line number="153" hits="0" branch="true" condition-coverage="0% (0/4)"><conditions><condition number="0" type="jump" coverage="0%"/></conditions></line><line number="155" hits="0" branch="true" condition-coverage="0% (0/2)"><conditions><condition number="0" type="jump" coverage="0%"/></conditions></line><line number="156" hits="0" branch="true" condition-coverage="0% (0/4)"><conditions><condition number="0" type="jump" coverage="0%"/></conditions></line><line number="159" hits="0" branch="false"/><line number="160" hits="0" branch="false"/></lines></class><class name="system_bench_cpp" filename="bench/system_bench.cpp" line-rate="0.0" branch-rate="0.0" complexity="0.0"><methods/><lines><line number="21" hits="0" branch="true" condition-coverage="0% (0/2)"><conditions><condition number="0" type="jump" coverage="0%"/></conditions></line><line number="22" hits="0" branch="true" condition-coverage="0% (0/2)"><conditions><condition number="0" type="jump" coverage="0%"/></conditions></line><line number="23" hits="0" branch="true" condition-coverage="0% (0/2)"><conditions><condition number="0" type="jump" coverage="0%"/></conditions></line><line number="25" hits="0" branch="true" condition-coverage="0% (0/2)"><conditions><condition number="0" type="jump" coverage="0%"/></conditions></line><line number="26" hits="0" branch="true" condition-coverage="0% (0/2)"><conditions><condition number="0" type="jump" coverage="0%"/></conditions></line><line number="28" hits="0" branch="true" condition-coverage="0% (0/2)"><conditions><condition number="0" type="jump" coverage="0%"/></conditions></line><line number="29" hits="0" branch="true" condition-coverage="0% (0/2)"><conditions><condition number="0" type="jump" coverage="0%"/></conditions></line><line number="31" hits="0" branch="true" condition-coverage="0% (0/2)"><conditions><condition number="0" type="jump" coverage="0%"/></conditions></line><line number="32" hits="0" branch="true" condition-coverage="0% (0/2)"><conditions><condition number="0" type="jump" coverage="0%"/></conditions></line><line number="34" hits="0" branch="true" condition-coverage="0% (0/2)"><conditions><condition number="0" type="jump" coverage="0%"/></conditions></line><line number="35" hits="0" branch="true" condition-coverage="0% (0/2)"><conditions><condition number="0" type="jump" coverage="0%"/></conditions></line><line number="37" hits="0" branch="true" condition-coverage="0% (0/2)"><conditions><condition number="0" type="jump" coverage="0%"/></conditions></line><line number="38" hits="0" branch="true" condition-coverage="0% (0/2)"><conditions><condition number="0" type="jump" coverage="0%"/></conditions></line><line number="40" hits="0" branch="true" condition-coverage="0% (0/2)"><conditions><condition number="0" type="jump" coverage="0%"/></conditions></line><line number="41" hits="0" branch="true" condition-coverage="0% (0/2)"><conditions><condition number="0" type="jump" coverage="0%"/></conditions></line><line number="43" hits="0" branch="true" condition-coverage="0% (0/2)"><conditions><condition number="0" type="jump" coverage="0%"/></conditions></line><line number="44" hits="0" branch="true" condition-coverage="0% (0/2)"><conditions><condition number="0" type="jump" coverage="0%"/></conditions></line><line number="46" hits="0" branch="true" condition-coverage="0% (0/2)"><conditions><condition number="0" type="jump" coverage="0%"/></conditions></line><line number="47" hits="0" branch="true" condition-coverage="0% (0/2)"><conditions><condition number="0" type="jump" coverage="0%"/></conditions></line><line number="49" hits="0" branch="true" condition-coverage="0% (0/2)"><conditions><condition number="0" type="jump" coverage="0%"/></conditions></line><line number="50" hits="0" branch="false"/><line number="52" hits="0" branch="false"/><line number="53" hits="0" branch="false"/><line number="54" hits="0" branch="false"/><line number="55" hits="0" branch="false"/><line number="56" hits="0" branch="false"/><line number="57" hits="0" branch="false"/><line number="59" hits="0" branch="false"/><line number="60" hits="0" branch="true" condition-coverage="0% (0/2)"><conditions><condition number="0" type="jump" coverage="0%"/></conditions></line><line number="61" hits="0" branch="true" condition-coverage="0% (0/2)"><conditions><condition number="0" type="jump" coverage="0%"/></conditions></line><line number="62" hits="0" branch="true" condition-coverage="0% (0/2)"><conditions><condition number="0" type="jump" coverage="0%"/></conditions></line><line number="63" hits="0" branch="true" condition-coverage="0% (0/2)"><conditions><condition number="0" type="jump" coverage="0%"/></conditions></line><line number="64" hits="0" branch="false"/><line number="67" hits="0" branch="false"/><line number="69" hits="0" branch="false"/><line number="70" hits="0" branch="true" condition-coverage="0% (0/4)"><conditions><condition number="0" type="jump" coverage="0%"/></conditions></line><line number="72" hits="0" branch="false"/><line number="73" hits="0" branch="false"/></lines></class><class name="utils_bench_cpp" filename="bench/utils_bench.cpp" line-rate="0.0" branch-rate="0.0" complexity="0.0"><methods/><lines><line number="20" hits="0" branch="true" condition-coverage="0% (0/8)"><conditions><condition number="0" type="jump" coverage="0%"/></conditions></line><line number="21" hits="0" branch="false"/><line number="22" hits="0" branch="false"/><line number="23" hits="0" branch="false"/><line number="24" hits="0" branch="false"/><line number="25" hits="0" branch="false"/><line number="27" hits="0" branch="false"/><line number="28" hits="0" branch="true" condition-coverage="0% (0/2)"><conditions><condition number="0" type="jump" coverage="0%"/></conditions></line><line number="29" hits="0" branch="true" condition-coverage="0% (0/2)"><conditions><condition number="0" type="jump" coverage="0%"/></conditions></line><line number="30" hits="0" branch="false"/><line number="33" hits="0" branch="true" condition-coverage="0% (0/2)"><conditions><condition number="0" type="jump" coverage="0%"/></conditions></line><line number="34" hits="0" branch="true" condition-coverage="0% (0/2)"><conditions><condition number="0" type="jump" coverage="0%"/></conditions></line><line number="35" hits="0" branch="false"/><line number="37" hits="0" branch="false"/><line number="51" hits="0" branch="true" condition-coverage="0% (0/8)"><conditions><condition number="0" type="jump" coverage="0%"/></conditions></line><line number="52" hits="0" branch="false"/><line number="53" hits="0" branch="false"/><line number="54" hits="0" branch="false"/><line number="56" hits="0" branch="false"/><line number="57" hits="0" branch="true" condition-coverage="0% (0/2)"><conditions><condition number="0" type="jump" coverage="0%"/></conditions></line><line number="58" hits="0" branch="true" condition-coverage="0% (0/2)"><conditions><condition number="0" type="jump" coverage="0%"/></conditions></line><line number="59" hits="0" branch="false"/><line number="61" hits="0" branch="false"/><line number="66" hits="0" branch="false"/><line number="68" hits="0" branch="false"/><line number="69" hits="0" branch="false"/><line number="70" hits="0" branch="false"/><line number="75" hits="0" branch="false"/><line number="77" hits="0" branch="false"/><line number="78" hits="0" branch="false"/><line number="79" hits="0" branch="false"/><line number="84" hits="0" branch="false"/><line number="86" hits="0" branch="false"/><line number="87" hits="0" branch="false"/><line number="88" hits="0" branch="false"/><line number="93" hits="0" branch="false"/><line number="95" hits="0" branch="false"/><line number="96" hits="0" branch="false"/><line number="97" hits="0" branch="false"/><line number="100" hits="0" branch="false"/><line number="102" hits="0" branch="false"/><line number="103" hits="0" branch="true" condition-coverage="0% (0/4)"><conditions><condition number="0" type="jump" coverage="0%"/></conditions></line><line number="105" hits="0" branch="true" condition-coverage="0% (0/2)"><conditions><condition number="0" type="jump" coverage="0%"/></conditions></line><line number="106" hits="0" branch="true" condition-coverage="0% (0/4)"><conditions><condition number="0" type="jump" coverage="0%"/></conditions></line><line number="108" hits="0" branch="true" condition-coverage="0% (0/2)"><conditions><condition number="0" type="jump" coverage="0%"/></conditions></line><line number="109" hits="0" branch="true" condition-coverage="0% (0/4)"><conditions><condition number="0" type="jump" coverage="0%"/></conditions></line><line number="113" hits="0" branch="true" condition-coverage="0% (0/2)"><conditions><condition number="0" type="jump" coverage="0%"/></conditions></line><line number="114" hits="0" branch="true" condition-coverage="0% (0/4)"><conditions><condition number="0" type="jump" coverage="0%"/></conditions></line><line number="116" hits="0" branch="true" condition-coverage="0% (0/2)"><conditions><condition number="0" type="jump" coverage="0%"/></conditions></line><line number="117" hits="0" branch="true" condition-coverage="0% (0/4)"><conditions><condition number="0" type="jump" coverage="0%"/></conditions></line><line number="119" hits="0" branch="true" condition-coverage="0% (0/2)"><conditions><condition number="0" type="jump" coverage="0%"/></conditions></line><line number="120" hits="0" branch="true" condition-coverage="0% (0/4)"><conditions><condition number="0" type="jump" coverage="0%"/></conditions></line><line number="124" hits="0" branch="true" condition-coverage="0% (0/2)"><conditions><condition number="0" type="jump" coverage="0%"/></conditions></line><line number="125" hits="0" branch="true" condition-coverage="0% (0/4)"><conditions><condition number="0" type="jump" coverage="0%"/></conditions></line><line number="127" hits="0" branch="true" condition-coverage="0% (0/2)"><conditions><condition number="0" type="jump" coverage="0%"/></conditions></line><line number="128" hits="0" branch="true" condition-coverage="0% (0/4)"><conditions><condition number="0" type="jump" coverage="0%"/></conditions></line><line number="130" hits="0" branch="true" condition-coverage="0% (0/2)"><conditions><condition number="0" type="jump" coverage="0%"/></conditions></line><line number="131" hits="0" branch="true" condition-coverage="0% (0/4)"><conditions><condition number="0" type="jump" coverage="0%"/></conditions></line><line number="135" hits="0" branch="true" condition-coverage="0% (0/2)"><conditions><condition number="0" type="jump" coverage="0%"/></conditions></line><line number="136" hits="0" branch="true" condition-coverage="0% (0/4)"><conditions><condition number="0" type="jump" coverage="0%"/></conditions></line><line number="138" hits="0" branch="true" condition-coverage="0% (0/2)"><conditions><condition number="0" type="jump" coverage="0%"/></conditions></line><line number="139" hits="0" branch="true" condition-coverage="0% (0/4)"><conditions><condition number="0" type="jump" coverage="0%"/></conditions></line><line number="141" hits="0" branch="true" condition-coverage="0% (0/2)"><conditions><condition number="0" type="jump" coverage="0%"/></conditions></line><line number="142" hits="0" branch="true" condition-coverage="0% (0/4)"><conditions><condition number="0" type="jump" coverage="0%"/></conditions></line><line number="145" hits="0" branch="false"/><line number="146" hits="0" branch="false"/></lines></class></classes></package><package name="nn-cpp" line-rate="0.45215562565720296" branch-rate="0.036458333333333336" complexity="0.0"><classes><class name="Accuracy_cpp" filename="nn-cpp/Accuracy.cpp" line-rate="0.0" branch-rate="0.0" complexity="0.0"><methods/><lines><line number="6" hits="0" branch="false"/><line number="7" hits="0" branch="false"/><line number="8" hits="0" branch="true" condition-coverage="0% (0/4)"><conditions><condition number="0" type="jump" coverage="0%"/></conditions></line><line number="10" hits="0" branch="true" condition-coverage="0% (0/4)"><conditions><condition number="0" type="jump" coverage="0%"/></conditions></line><line number="11" hits="0" branch="false"/><line number="12" hits="0" branch="false"/><line number="14" hits="0" branch="true" condition-coverage="0% (0/8)"><conditions><condition number="0" type="jump" coverage="0%"/></conditions></line><line number="15" hits="0" branch="false"/><line number="17" hits="0" branch="false"/><line number="18" hits="0" branch="false"/><line number="21" hits="0" branch="false"/><line number="22" hits="0" branch="false"/><line number="23" hits="0" branch="false"/><line number="24" hits="0" branch="false"/><line number="27" hits="0" branch="false"/><line number="28" hits="0" branch="false"/><line number="31" hits="0" branch="false"/><line number="33" hits="0" branch="true" condition-coverage="0% (0/4)"><conditions><condition number="0" type="jump" coverage="0%"/></conditions></line><line number="34" hits="0" branch="true" condition-coverage="0% (0/8)"><conditions><condition number="0" type="jump" coverage="0%"/></conditions></line><line number="35" hits="0" branch="true" condition-coverage="0% (0/4)"><conditions><condition number="0" type="jump" coverage="0%"/></conditions></line><line number="36" hits="0" branch="true" condition-coverage="0% (0/4)"><conditions><condition number="0" type="jump" coverage="0%"/></conditions></line><line number="37" hits="0" branch="true" condition-coverage="0% (0/8)"><conditions><condition number="0" type="jump" coverage="0%"/></conditions></line><line number="39" hits="0" branch="false"/><line number="40" hits="0" branch="true" condition-coverage="0% (0/4)"><conditions><condition number="0" type="jump" coverage="0%"/></conditions></line><line number="42" hits="0" branch="true" condition-coverage="0% (0/4)"><conditions><condition number="0" type="jump" coverage="0%"/></conditions></line><line number="43" hits="0" branch="false"/><line number="44" hits="0" branch="false"/><line number="45" hits="0" branch="false"/><line number="46" hits="0" branch="true" condition-coverage="0% (0/4)"><conditions><condition number="0" type="jump" coverage="0%"/></conditions></line><line number="49" hits="0" branch="false"/><line number="50" hits="0" branch="true" condition-coverage="0% (0/4)"><conditions><condition number="0" type="jump" coverage="0%"/></conditions></line><line number="51" hits="0" branch="true" condition-coverage="0% (0/8)"><conditions><condition number="0" type="jump" coverage="0%"/></conditions></line><line number="52" hits="0" branch="false"/><line number="53" hits="0" branch="false"/><line number="56" hits="0" branch="false"/><line number="58" hits="0" branch="true" condition-coverage="0% (0/4)"><conditions><condition number="0" type="jump" coverage="0%"/></conditions></line><line number="59" hits="0" branch="true" condition-coverage="0% (0/4)"><conditions><condition number="0" type="jump" coverage="0%"/></conditions></line><line number="60" hits="0" branch="true" condition-coverage="0% (0/4)"><conditions><condition number="0" type="jump" coverage="0%"/></conditions></line><line number="61" hits="0" branch="false"/><line number="62" hits="0" branch="false"/><line number="63" hits="0" branch="false"/><line number="64" hits="0" branch="false"/><line number="65" hits="0" branch="true" condition-coverage="0% (0/4)"><conditions><condition number="0" type="jump" coverage="0%"/></conditions></line></lines></class><class name="Activations_cpp" filename="nn-cpp/Activations.cpp" line-rate="0.38235294117647056" branch-rate="0.23958333333333334" complexity="0.0"><methods/><lines><line number="8" hits="2" branch="false"/><line number="9" hits="2" branch="false"/><line number="10" hits="2" branch="true" condition-coverage="50% (2/4)"><conditions><condition number="0" type="jump" coverage="50%"/></conditions></line><line number="11" hits="2" branch="true" condition-coverage="50% (2/4)"><conditions><condition number="0" type="jump" coverage="50%"/></conditions></line><line number="12" hits="2" branch="false"/><line number="13" hits="8" branch="true" condition-coverage="100% (4/4)"><conditions><condition number="0" type="jump" coverage="100%"/></conditions></line><line number="14" hits="24" branch="true" condition-coverage="100% (4/4)"><conditions><condition number="0" type="jump" coverage="100%"/></conditions></line><line number="15" hits="18" branch="false"/><line number="16" hits="18" branch="false"/><line number="17" hits="6" branch="false"/><line number="18" hits="2" branch="false"/><line number="20" hits="0" branch="false"/><line number="21" hits="0" branch="false"/><line number="22" hits="0" branch="true" condition-coverage="0% (0/4)"><conditions><condition number="0" type="jump" coverage="0%"/></conditions></line><line number="23" hits="0" branch="true" condition-coverage="0% (0/4)"><conditions><condition number="0" type="jump" coverage="0%"/></conditions></line><line number="25" hits="0" branch="true" condition-coverage="0% (0/4)"><conditions><condition number="0" type="jump" coverage="0%"/></conditions></line><line number="26" hits="0" branch="false"/><line number="27" hits="0" branch="false"/><line number="28" hits="0" branch="false"/><line number="30" hits="0" branch="false"/><line number="31" hits="0" branch="false"/><line number="38" hits="2" branch="false"/><line number="39" hits="2" branch="false"/><line number="42" hits="2" branch="true" condition-coverage="50% (2/4)"><conditions><condition number="0" type="jump" coverage="50%"/></conditions></line><line number="43" hits="8" branch="true" condition-coverage="100% (4/4)"><conditions><condition number="0" type="jump" coverage="100%"/></conditions></line><line number="44" hits="6" branch="true" condition-coverage="50% (2/4)"><conditions><condition number="0" type="jump" coverage="50%"/></conditions></line><line number="45" hits="24" branch="true" condition-coverage="100% (4/4)"><conditions><condition number="0" type="jump" coverage="100%"/></conditions></line><line number="46" hits="18" branch="false"/><line number="47" hits="18" branch="false"/><line number="48" hits="6" branch="false"/><line number="50" hits="2" branch="true" condition-coverage="50% (2/4)"><conditions><condition number="0" type="jump" coverage="50%"/></conditions></line><line number="51" hits="2" branch="true" condition-coverage="50% (2/4)"><conditions><condition number="0" type="jump" coverage="50%"/></conditions></line><line number="52" hits="2" branch="true" condition-coverage="50% (2/4)"><conditions><condition number="0" type="jump" coverage="50%"/></conditions></line><line number="53" hits="2" branch="false"/><line number="54" hits="8" branch="true" condition-coverage="100% (4/4)"><conditions><condition number="0" type="jump" coverage="100%"/></conditions></line><line number="55" hits="6" branch="true" condition-coverage="50% (2/4)"><conditions><condition number="0" type="jump" coverage="50%"/></conditions></line><line number="57" hits="24" branch="true" condition-coverage="100% (4/4)"><conditions><condition number="0" type="jump" coverage="100%"/></conditions></line><line number="58" hits="18" branch="false"/><line number="59" hits="18" branch="false"/><line number="60" hits="6" branch="false"/><line number="61" hits="2" branch="false"/><line number="63" hits="0" branch="false"/><line number="64" hits="0" branch="true" condition-coverage="0% (0/4)"><conditions><condition number="0" type="jump" coverage="0%"/></conditions></line><line number="66" hits="0" branch="true" condition-coverage="0% (0/4)"><conditions><condition number="0" type="jump" coverage="0%"/></conditions></line><line number="67" hits="0" branch="true" condition-coverage="0% (0/4)"><conditions><condition number="0" type="jump" coverage="0%"/></conditions></line><line number="68" hits="0" branch="true" condition-coverage="0% (0/4)"><conditions><condition number="0" type="jump" coverage="0%"/></conditions></line><line number="69" hits="0" branch="false"/><line number="70" hits="0" branch="true" condition-coverage="0% (0/4)"><conditions><condition number="0" type="jump" coverage="0%"/></conditions></line><line number="71" hits="0" branch="true" condition-coverage="0% (0/8)"><conditions><condition number="0" type="jump" coverage="0%"/></conditions></line><line number="72" hits="0" branch="false"/><line number="74" hits="0" branch="true" condition-coverage="0% (0/4)"><conditions><condition number="0" type="jump" coverage="0%"/></conditions></line><line number="75" hits="0" branch="true" condition-coverage="0% (0/4)"><conditions><condition number="0" type="jump" coverage="0%"/></conditions></line><line number="76" hits="0" branch="true" condition-coverage="0% (0/4)"><conditions><condition number="0" type="jump" coverage="0%"/></conditions></line><line number="77" hits="0" branch="false"/><line number="79" hits="0" branch="false"/><line number="80" hits="0" branch="false"/><line number="81" hits="0" branch="false"/><line number="84" hits="0" branch="true" condition-coverage="0% (0/8)"><conditions><condition number="0" type="jump" coverage="0%"/></conditions></line><line number="87" hits="0" branch="true" condition-coverage="0% (0/4)"><conditions><condition number="0" type="jump" coverage="0%"/></conditions></line><line number="89" hits="0" branch="true" condition-coverage="0% (0/4)"><conditions><condition number="0" type="jump" coverage="0%"/></conditions></line><line number="90" hits="0" branch="true" condition-coverage="0% (0/4)"><conditions><condition number="0" type="jump" coverage="0%"/></conditions></line><line number="91" hits="0" branch="true" condition-coverage="0% (0/4)"><conditions><condition number="0" type="jump" coverage="0%"/></conditions></line><line number="92" hits="0" branch="false"/><line number="93" hits="0" branch="false"/><line number="94" hits="0" branch="false"/><line number="95" hits="0" branch="true" condition-coverage="0% (0/4)"><conditions><condition number="0" type="jump" coverage="0%"/></conditions></line><line number="96" hits="0" branch="false"/><line number="97" hits="0" branch="false"/><line number="99" hits="0" branch="false"/><line number="100" hits="0" branch="true" condition-coverage="0% (0/4)"><conditions><condition number="0" type="jump" coverage="0%"/></conditions></line><line number="101" hits="0" branch="true" condition-coverage="0% (0/4)"><conditions><condition number="0" type="jump" coverage="0%"/></conditions></line><line number="102" hits="0" branch="true" condition-coverage="0% (0/4)"><conditions><condition number="0" type="jump" coverage="0%"/></conditions></line><line number="103" hits="0" branch="true" condition-coverage="0% (0/4)"><conditions><condition number="0" type="jump" coverage="0%"/></conditions></line><line number="104" hits="0" branch="false"/><line number="106" hits="0" branch="false"/><line number="107" hits="0" branch="true" condition-coverage="0% (0/4)"><conditions><condition number="0" type="jump" coverage="0%"/></conditions></line><line number="113" hits="2" branch="false"/><line number="114" hits="2" branch="false"/><line number="115" hits="2" branch="true" condition-coverage="50% (6/12)"><conditions><condition number="0" type="jump" coverage="50%"/></conditions></line><line number="116" hits="2" branch="false"/><line number="118" hits="0" branch="false"/><line number="119" hits="0" branch="false"/><line number="120" hits="0" branch="true" condition-coverage="0% (0/8)"><conditions><condition number="0" type="jump" coverage="0%"/></conditions></line><line number="121" hits="0" branch="false"/><line number="123" hits="0" branch="false"/><line number="124" hits="0" branch="true" condition-coverage="0% (0/4)"><conditions><condition number="0" type="jump" coverage="0%"/></conditions></line><line number="125" hits="0" branch="true" condition-coverage="0% (0/4)"><conditions><condition number="0" type="jump" coverage="0%"/></conditions></line><line number="126" hits="0" branch="true" condition-coverage="0% (0/4)"><conditions><condition number="0" type="jump" coverage="0%"/></conditions></line><line number="127" hits="0" branch="false"/><line number="128" hits="0" branch="false"/><line number="129" hits="0" branch="false"/><line number="130" hits="0" branch="false"/><line number="131" hits="0" branch="true" condition-coverage="0% (0/4)"><conditions><condition number="0" type="jump" coverage="0%"/></conditions></line><line number="135" hits="2" branch="false"/><line number="136" hits="2" branch="false"/><line number="137" hits="2" branch="false"/><line number="138" hits="2" branch="false"/><line number="140" hits="0" branch="false"/><line number="141" hits="0" branch="false"/><line number="142" hits="0" branch="false"/><line number="144" hits="0" branch="false"/><line number="145" hits="0" branch="false"/></lines></class><class name="Layer_cpp" filename="nn-cpp/Layer.cpp" line-rate="0.8193548387096774" branch-rate="0.6323529411764706" complexity="0.0"><methods/><lines><line number="6" hits="4" branch="false"/><line number="12" hits="4" branch="false"/><line number="13" hits="2" branch="true" condition-coverage="50% (2/4)"><conditions><condition number="0" type="jump" coverage="50%"/></conditions></line><line number="14" hits="2" branch="true" condition-coverage="50% (4/8)"><conditions><condition number="0" type="jump" coverage="50%"/></conditions></line><line number="15" hits="2" branch="true" condition-coverage="50% (2/4)"><conditions><condition number="0" type="jump" coverage="50%"/></conditions></line><line number="18" hits="2" branch="true" condition-coverage="50% (4/8)"><conditions><condition number="0" type="jump" coverage="50%"/></conditions></line><line number="19" hits="1570" branch="true" condition-coverage="100% (4/4)"><conditions><condition number="0" type="jump" coverage="100%"/></conditions></line><line number="20" hits="202272" branch="true" condition-coverage="100% (4/4)"><conditions><condition number="0" type="jump" coverage="100%"/></conditions></line><line number="21" hits="200704" branch="true" condition-coverage="50% (2/4)"><conditions><condition number="0" type="jump" coverage="50%"/></conditions></line><line number="22" hits="200704" branch="false"/><line number="23" hits="1568" branch="true" condition-coverage="50% (4/8)"><conditions><condition number="0" type="jump" coverage="50%"/></conditions></line><line number="24" hits="1568" branch="true" condition-coverage="50% (2/4)"><conditions><condition number="0" type="jump" coverage="50%"/></conditions></line><line number="25" hits="1568" branch="false"/><line number="28" hits="2" branch="true" condition-coverage="50% (4/8)"><conditions><condition number="0" type="jump" coverage="50%"/></conditions></line><line number="29" hits="2" branch="true" condition-coverage="50% (2/4)"><conditions><condition number="0" type="jump" coverage="50%"/></conditions></line><line number="30" hits="2" branch="true" condition-coverage="50% (2/4)"><conditions><condition number="0" type="jump" coverage="50%"/></conditions></line><line number="31" hits="2" branch="true" condition-coverage="50% (2/4)"><conditions><condition number="0" type="jump" coverage="50%"/></conditions></line><line number="33" hits="2" branch="false"/><line number="34" hits="2" branch="false"/><line number="37" hits="48" branch="false"/><line number="43" hits="48" branch="false"/><line number="44" hits="24" branch="true" condition-coverage="50% (2/4)"><conditions><condition number="0" type="jump" coverage="50%"/></conditions></line><line number="45" hits="24" branch="true" condition-coverage="50% (2/4)"><conditions><condition number="0" type="jump" coverage="50%"/></conditions></line><line number="46" hits="24" branch="true" condition-coverage="50% (2/4)"><conditions><condition number="0" type="jump" coverage="50%"/></conditions></line><line number="47" hits="24" branch="true" condition-coverage="50% (2/4)"><conditions><condition number="0" type="jump" coverage="50%"/></conditions></line><line number="51" hits="24" branch="false"/><line number="52" hits="24" branch="false"/><line number="55" hits="24" branch="false"/><line number="56" hits="24" branch="false"/><line number="58" hits="24" branch="false"/><line number="59" hits="292" branch="true" condition-coverage="100% (4/4)"><conditions><condition number="0" type="jump" coverage="100%"/></conditions></line><line number="60" hits="7812" branch="true" condition-coverage="100% (4/4)"><conditions><condition number="0" type="jump" coverage="100%"/></conditions></line><line number="61" hits="7544" branch="false"/><line number="62" hits="7544" branch="false"/><line number="63" hits="268" branch="false"/><line number="64" hits="24" branch="false"/><line number="66" hits="6" branch="false"/><line number="67" hits="6" branch="true" condition-coverage="50% (2/4)"><conditions><condition number="0" type="jump" coverage="50%"/></conditions></line><line number="68" hits="6" branch="false"/><line number="69" hits="6" branch="false"/><line number="70" hits="126" branch="true" condition-coverage="100% (4/4)"><conditions><condition number="0" type="jump" coverage="100%"/></conditions></line><line number="71" hits="2520" branch="true" condition-coverage="100% (4/4)"><conditions><condition number="0" type="jump" coverage="100%"/></conditions></line><line number="72" hits="2400" branch="false"/><line number="73" hits="2400" branch="false"/><line number="74" hits="120" branch="false"/><line number="75" hits="6" branch="true" condition-coverage="50% (2/4)"><conditions><condition number="0" type="jump" coverage="50%"/></conditions></line><line number="77" hits="6" branch="true" condition-coverage="100% (4/4)"><conditions><condition number="0" type="jump" coverage="100%"/></conditions></line><line number="78" hits="4" branch="true" condition-coverage="50% (4/8)"><conditions><condition number="0" type="jump" coverage="50%"/></conditions></line><line number="79" hits="84" branch="true" condition-coverage="100% (4/4)"><conditions><condition number="0" type="jump" coverage="100%"/></conditions></line><line number="80" hits="1680" branch="true" condition-coverage="100% (4/4)"><conditions><condition number="0" type="jump" coverage="100%"/></conditions></line><line number="81" hits="1600" branch="true" condition-coverage="50% (2/4)"><conditions><condition number="0" type="jump" coverage="50%"/></conditions></line><line number="82" hits="0" branch="false"/><line number="83" hits="1600" branch="false"/><line number="84" hits="80" branch="false"/><line number="85" hits="4" branch="true" condition-coverage="50% (4/8)"><conditions><condition number="0" type="jump" coverage="50%"/></conditions></line><line number="86" hits="4" branch="false"/><line number="87" hits="6" branch="true" condition-coverage="100% (4/4)"><conditions><condition number="0" type="jump" coverage="100%"/></conditions></line><line number="88" hits="2" branch="true" condition-coverage="50% (4/8)"><conditions><condition number="0" type="jump" coverage="50%"/></conditions></line><line number="89" hits="2" branch="false"/><line number="90" hits="6" branch="true" condition-coverage="100% (4/4)"><conditions><condition number="0" type="jump" coverage="100%"/></conditions></line><line number="91" hits="4" branch="true" condition-coverage="50% (4/8)"><conditions><condition number="0" type="jump" coverage="50%"/></conditions></line><line number="92" hits="8" branch="true" condition-coverage="100% (4/4)"><conditions><condition number="0" type="jump" coverage="100%"/></conditions></line><line number="93" hits="84" branch="true" condition-coverage="100% (4/4)"><conditions><condition number="0" type="jump" coverage="100%"/></conditions></line><line number="94" hits="80" branch="true" condition-coverage="50% (2/4)"><conditions><condition number="0" type="jump" coverage="50%"/></conditions></line><line number="95" hits="0" branch="false"/><line number="96" hits="80" branch="false"/><line number="97" hits="4" branch="false"/><line number="98" hits="4" branch="true" condition-coverage="50% (4/8)"><conditions><condition number="0" type="jump" coverage="50%"/></conditions></line><line number="99" hits="4" branch="false"/><line number="100" hits="6" branch="true" condition-coverage="100% (4/4)"><conditions><condition number="0" type="jump" coverage="100%"/></conditions></line><line number="101" hits="2" branch="true" condition-coverage="50% (4/8)"><conditions><condition number="0" type="jump" coverage="50%"/></conditions></line><line number="102" hits="2" branch="false"/><line number="106" hits="6" branch="true" condition-coverage="50% (4/8)"><conditions><condition number="0" type="jump" coverage="50%"/></conditions></line><line number="107" hits="6" branch="false"/><line number="109" hits="4" branch="false"/><line number="111" hits="2" branch="false"/><line number="113" hits="5058" branch="false"/><line number="114" hits="5058" branch="false"/><line number="117" hits="270" branch="false"/><line number="119" hits="2" branch="false"/><line number="120" hits="2" branch="false"/><line number="123" hits="2" branch="false"/><line number="124" hits="2" branch="false"/><line number="127" hits="2" branch="false"/><line number="128" hits="2" branch="false"/><line number="131" hits="2" branch="false"/><line number="132" hits="2" branch="false"/><line number="135" hits="0" branch="false"/><line number="136" hits="0" branch="false"/><line number="139" hits="2" branch="false"/><line number="140" hits="2" branch="false"/><line number="143" hits="0" branch="false"/><line number="144" hits="0" branch="false"/><line number="147" hits="2" branch="false"/><line number="148" hits="2" branch="false"/><line number="152" hits="0" branch="false"/><line number="153" hits="0" branch="false"/><line number="154" hits="0" branch="false"/><line number="157" hits="0" branch="false"/><line number="158" hits="0" branch="false"/><line number="159" hits="0" branch="false"/><line number="162" hits="0" branch="false"/><line number="163" hits="0" branch="false"/><line number="164" hits="0" branch="false"/><line number="166" hits="0" branch="false"/><line number="167" hits="0" branch="false"/><line number="168" hits="0" branch="false"/><line number="171" hits="0" branch="false"/><line number="172" hits="0" branch="false"/><line number="173" hits="0" branch="false"/><line number="176" hits="0" branch="false"/><line number="177" hits="0" branch="false"/><line number="178" hits="0" branch="false"/><line number="182" hits="12" branch="false"/><line number="183" hits="12" branch="true" condition-coverage="50% (2/4)"><conditions><condition number="0" type="jump" coverage="50%"/></conditions></line><line number="186" hits="6" branch="false"/><line number="187" hits="6" branch="false"/><line number="190" hits="6" branch="true" condition-coverage="100% (4/4)"><conditions><condition number="0" type="jump" coverage="100%"/></conditions></line><line number="191" hits="2" branch="false"/><line number="192" hits="2" branch="false"/><line number="193" hits="4" branch="true" condition-coverage="25% (2/8)"><conditions><condition number="0" type="jump" coverage="25%"/></conditions></line><line number="194" hits="0" branch="false"/><line number="195" hits="4" branch="true" condition-coverage="50% (2/4)"><conditions><condition number="0" type="jump" coverage="50%"/></conditions></line><line number="196" hits="4" branch="false"/><line number="197" hits="204" branch="true" condition-coverage="100% (4/4)"><conditions><condition number="0" type="jump" coverage="100%"/></conditions></line><line number="198" hits="10200" branch="true" condition-coverage="100% (4/4)"><conditions><condition number="0" type="jump" coverage="100%"/></conditions></line><line number="199" hits="10000" branch="false"/><line number="200" hits="10000" branch="false"/><line number="201" hits="200" branch="false"/><line number="203" hits="4" branch="true" condition-coverage="25% (2/8)"><conditions><condition number="0" type="jump" coverage="25%"/></conditions></line><line number="204" hits="0" branch="false"/><line number="206" hits="4" branch="true" condition-coverage="50% (2/4)"><conditions><condition number="0" type="jump" coverage="50%"/></conditions></line><line number="207" hits="4" branch="false"/><line number="208" hits="204" branch="true" condition-coverage="100% (4/4)"><conditions><condition number="0" type="jump" coverage="100%"/></conditions></line><line number="209" hits="10200" branch="true" condition-coverage="100% (4/4)"><conditions><condition number="0" type="jump" coverage="100%"/></conditions></line><line number="210" hits="10000" branch="false"/><line number="211" hits="10000" branch="false"/><line number="212" hits="200" branch="false"/><line number="214" hits="6" branch="false"/><line number="216" hits="2" branch="false"/><line number="217" hits="2" branch="true" condition-coverage="25% (2/8)"><conditions><condition number="0" type="jump" coverage="25%"/></conditions></line><line number="218" hits="0" branch="false"/><line number="220" hits="2" branch="true" condition-coverage="50% (2/4)"><conditions><condition number="0" type="jump" coverage="50%"/></conditions></line><line number="221" hits="2" branch="false"/><line number="222" hits="102" branch="true" condition-coverage="100% (4/4)"><conditions><condition number="0" type="jump" coverage="100%"/></conditions></line><line number="223" hits="5100" branch="true" condition-coverage="100% (4/4)"><conditions><condition number="0" type="jump" coverage="100%"/></conditions></line><line number="224" hits="5000" branch="false"/><line number="225" hits="5000" branch="false"/><line number="226" hits="100" branch="false"/><line number="227" hits="2" branch="false"/><line number="229" hits="8" branch="false"/><line number="232" hits="4" branch="false"/><line number="233" hits="4" branch="false"/><line number="234" hits="4" branch="false"/><line number="236" hits="0" branch="false"/></lines></class><class name="LossActivation_cpp" filename="nn-cpp/LossActivation.cpp" line-rate="0.0" branch-rate="0.0" complexity="0.0"><methods/><lines><line number="5" hits="0" branch="true" condition-coverage="0% (0/4)"><conditions><condition number="0" type="jump" coverage="0%"/></conditions></line><line number="8" hits="0" branch="false"/><line number="9" hits="0" branch="false"/><line number="10" hits="0" branch="false"/><line number="11" hits="0" branch="false"/><line number="15" hits="0" branch="false"/><line number="16" hits="0" branch="false"/><line number="18" hits="0" branch="false"/><line number="19" hits="0" branch="true" condition-coverage="0% (0/4)"><conditions><condition number="0" type="jump" coverage="0%"/></conditions></line><line number="20" hits="0" branch="true" condition-coverage="0% (0/4)"><conditions><condition number="0" type="jump" coverage="0%"/></conditions></line><line number="21" hits="0" branch="true" condition-coverage="0% (0/4)"><conditions><condition number="0" type="jump" coverage="0%"/></conditions></line><line number="22" hits="0" branch="false"/><line number="23" hits="0" branch="false"/><line number="24" hits="0" branch="true" condition-coverage="0% (0/4)"><conditions><condition number="0" type="jump" coverage="0%"/></conditions></line><line number="25" hits="0" branch="true" condition-coverage="0% (0/4)"><conditions><condition number="0" type="jump" coverage="0%"/></conditions></line><line number="26" hits="0" branch="false"/><line number="27" hits="0" branch="false"/><line number="28" hits="0" branch="false"/><line number="29" hits="0" branch="false"/><line number="30" hits="0" branch="true" condition-coverage="0% (0/4)"><conditions><condition number="0" type="jump" coverage="0%"/></conditions></line><line number="32" hits="0" branch="false"/><line number="33" hits="0" branch="true" condition-coverage="0% (0/4)"><conditions><condition number="0" type="jump" coverage="0%"/></conditions></line><line number="36" hits="0" branch="true" condition-coverage="0% (0/4)"><conditions><condition number="0" type="jump" coverage="0%"/></conditions></line><line number="38" hits="0" branch="true" condition-coverage="0% (0/4)"><conditions><condition number="0" type="jump" coverage="0%"/></conditions></line><line number="39" hits="0" branch="false"/><line number="40" hits="0" branch="false"/><line number="41" hits="0" branch="false"/><line number="43" hits="0" branch="true" condition-coverage="0% (0/4)"><conditions><condition number="0" type="jump" coverage="0%"/></conditions></line><line number="44" hits="0" branch="false"/><line number="46" hits="0" branch="false"/><line number="48" hits="0" branch="false"/></lines></class><class name="Loss_cpp" filename="nn-cpp/Loss.cpp" line-rate="0.4205128205128205" branch-rate="0.3192771084337349" complexity="0.0"><methods/><lines><line number="5" hits="8" branch="false"/><line number="6" hits="8" branch="false"/><line number="8" hits="8" branch="true" condition-coverage="50% (2/4)"><conditions><condition number="0" type="jump" coverage="50%"/></conditions></line><line number="9" hits="8" branch="false"/><line number="10" hits="8" branch="false"/><line number="12" hits="8" branch="true" condition-coverage="50% (2/4)"><conditions><condition number="0" type="jump" coverage="50%"/></conditions></line><line number="14" hits="8" branch="false"/><line number="16" hits="8" branch="false"/><line number="17" hits="8" branch="false"/><line number="19" hits="0" branch="false"/><line number="20" hits="0" branch="false"/><line number="23" hits="0" branch="false"/><line number="24" hits="0" branch="false"/><line number="25" hits="0" branch="false"/><line number="26" hits="0" branch="false"/><line number="29" hits="0" branch="false"/><line number="30" hits="0" branch="false"/><line number="35" hits="0" branch="true" condition-coverage="0% (0/4)"><conditions><condition number="0" type="jump" coverage="0%"/></conditions></line><line number="36" hits="0" branch="false"/><line number="37" hits="0" branch="true" condition-coverage="0% (0/4)"><conditions><condition number="0" type="jump" coverage="0%"/></conditions></line><line number="38" hits="0" branch="true" condition-coverage="0% (0/4)"><conditions><condition number="0" type="jump" coverage="0%"/></conditions></line><line number="39" hits="0" branch="false"/><line number="40" hits="0" branch="false"/><line number="41" hits="0" branch="false"/><line number="42" hits="0" branch="false"/><line number="43" hits="0" branch="false"/><line number="44" hits="0" branch="true" condition-coverage="0% (0/4)"><conditions><condition number="0" type="jump" coverage="0%"/></conditions></line><line number="45" hits="0" branch="false"/><line number="46" hits="0" branch="false"/><line number="47" hits="0" branch="true" condition-coverage="0% (0/4)"><conditions><condition number="0" type="jump" coverage="0%"/></conditions></line><line number="48" hits="0" branch="true" condition-coverage="0% (0/4)"><conditions><condition number="0" type="jump" coverage="0%"/></conditions></line><line number="49" hits="0" branch="false"/><line number="50" hits="0" branch="false"/><line number="51" hits="0" branch="false"/><line number="52" hits="0" branch="false"/><line number="53" hits="0" branch="true" condition-coverage="0% (0/4)"><conditions><condition number="0" type="jump" coverage="0%"/></conditions></line><line number="54" hits="0" branch="false"/><line number="55" hits="0" branch="true" condition-coverage="0% (0/4)"><conditions><condition number="0" type="jump" coverage="0%"/></conditions></line><line number="56" hits="0" branch="false"/><line number="57" hits="0" branch="true" condition-coverage="0% (0/4)"><conditions><condition number="0" type="jump" coverage="0%"/></conditions></line><line number="58" hits="0" branch="true" condition-coverage="0% (0/4)"><conditions><condition number="0" type="jump" coverage="0%"/></conditions></line><line number="59" hits="0" branch="false"/><line number="60" hits="0" branch="false"/><line number="61" hits="0" branch="false"/><line number="62" hits="0" branch="false"/><line number="63" hits="0" branch="false"/><line number="64" hits="0" branch="true" condition-coverage="0% (0/4)"><conditions><condition number="0" type="jump" coverage="0%"/></conditions></line><line number="65" hits="0" branch="false"/><line number="66" hits="0" branch="false"/><line number="67" hits="0" branch="true" condition-coverage="0% (0/4)"><conditions><condition number="0" type="jump" coverage="0%"/></conditions></line><line number="68" hits="0" branch="true" condition-coverage="0% (0/4)"><conditions><condition number="0" type="jump" coverage="0%"/></conditions></line><line number="69" hits="0" branch="false"/><line number="70" hits="0" branch="false"/><line number="71" hits="0" branch="false"/><line number="72" hits="0" branch="true" condition-coverage="0% (0/4)"><conditions><condition number="0" type="jump" coverage="0%"/></conditions></line><line number="73" hits="0" branch="false"/><line number="75" hits="0" branch="false"/><line number="76" hits="0" branch="false"/><line number="78" hits="0" branch="false"/><line number="82" hits="2" branch="false"/><line number="84" hits="2" branch="false"/><line number="87" hits="2" branch="false"/><line number="88" hits="2" branch="false"/><line number="90" hits="8" branch="true" condition-coverage="100% (4/4)"><conditions><condition number="0" type="jump" coverage="100%"/></conditions></line><line number="91" hits="24" branch="true" condition-coverage="100% (4/4)"><conditions><condition number="0" type="jump" coverage="100%"/></conditions></line><line number="92" hits="18" branch="true" condition-coverage="50% (2/4)"><conditions><condition number="0" type="jump" coverage="50%"/></conditions></line><line number="93" hits="0" branch="false"/><line number="94" hits="18" branch="true" condition-coverage="50% (2/4)"><conditions><condition number="0" type="jump" coverage="50%"/></conditions></line><line number="95" hits="18" branch="false"/><line number="96" hits="18" branch="false"/><line number="97" hits="6" branch="false"/><line number="99" hits="2" branch="false"/><line number="100" hits="2" branch="true" condition-coverage="50% (2/4)"><conditions><condition number="0" type="jump" coverage="50%"/></conditions></line><line number="101" hits="0" branch="true" condition-coverage="0% (0/4)"><conditions><condition number="0" type="jump" coverage="0%"/></conditions></line><line number="102" hits="0" branch="true" condition-coverage="0% (0/4)"><conditions><condition number="0" type="jump" coverage="0%"/></conditions></line><line number="103" hits="0" branch="false"/><line number="104" hits="0" branch="false"/><line number="105" hits="8" branch="true" condition-coverage="100% (4/4)"><conditions><condition number="0" type="jump" coverage="100%"/></conditions></line><line number="106" hits="24" branch="true" condition-coverage="100% (4/4)"><conditions><condition number="0" type="jump" coverage="100%"/></conditions></line><line number="107" hits="18" branch="false"/><line number="108" hits="18" branch="false"/><line number="109" hits="6" branch="false"/><line number="110" hits="8" branch="true" condition-coverage="100% (4/4)"><conditions><condition number="0" type="jump" coverage="100%"/></conditions></line><line number="111" hits="6" branch="true" condition-coverage="50% (4/8)"><conditions><condition number="0" type="jump" coverage="50%"/></conditions></line><line number="112" hits="6" branch="false"/><line number="113" hits="6" branch="false"/><line number="116" hits="8" branch="true" condition-coverage="100% (4/4)"><conditions><condition number="0" type="jump" coverage="100%"/></conditions></line><line number="118" hits="6" branch="false"/><line number="119" hits="6" branch="false"/><line number="121" hits="2" branch="false"/><line number="122" hits="2" branch="true" condition-coverage="50% (2/4)"><conditions><condition number="0" type="jump" coverage="50%"/></conditions></line><line number="125" hits="0" branch="false"/><line number="127" hits="0" branch="false"/><line number="128" hits="0" branch="false"/><line number="129" hits="0" branch="false"/><line number="131" hits="0" branch="true" condition-coverage="0% (0/4)"><conditions><condition number="0" type="jump" coverage="0%"/></conditions></line><line number="132" hits="0" branch="false"/><line number="133" hits="0" branch="true" condition-coverage="0% (0/4)"><conditions><condition number="0" type="jump" coverage="0%"/></conditions></line><line number="134" hits="0" branch="true" condition-coverage="0% (0/4)"><conditions><condition number="0" type="jump" coverage="0%"/></conditions></line><line number="135" hits="0" branch="false"/><line number="136" hits="0" branch="true" condition-coverage="0% (0/4)"><conditions><condition number="0" type="jump" coverage="0%"/></conditions></line><line number="137" hits="0" branch="false"/><line number="138" hits="0" branch="true" condition-coverage="0% (0/4)"><conditions><condition number="0" type="jump" coverage="0%"/></conditions></line><line number="139" hits="0" branch="false"/><line number="140" hits="0" branch="true" condition-coverage="0% (0/4)"><conditions><condition number="0" type="jump" coverage="0%"/></conditions></line><line number="141" hits="0" branch="false"/><line number="142" hits="0" branch="true" condition-coverage="0% (0/4)"><conditions><condition number="0" type="jump" coverage="0%"/></conditions></line><line number="144" hits="0" branch="true" condition-coverage="0% (0/4)"><conditions><condition number="0" type="jump" coverage="0%"/></conditions></line><line number="145" hits="0" branch="false"/><line number="146" hits="0" branch="true" condition-coverage="0% (0/4)"><conditions><condition number="0" type="jump" coverage="0%"/></conditions></line><line number="147" hits="0" branch="false"/><line number="148" hits="0" branch="false"/><line number="151" hits="2" branch="false"/><line number="154" hits="2" branch="false"/><line number="155" hits="2" branch="false"/><line number="156" hits="8" branch="true" condition-coverage="100% (4/4)"><conditions><condition number="0" type="jump" coverage="100%"/></conditions></line><line number="157" hits="24" branch="true" condition-coverage="100% (4/4)"><conditions><condition number="0" type="jump" coverage="100%"/></conditions></line><line number="158" hits="18" branch="true" condition-coverage="50% (2/4)"><conditions><condition number="0" type="jump" coverage="50%"/></conditions></line><line number="159" hits="0" branch="false"/><line number="160" hits="18" branch="true" condition-coverage="50% (2/4)"><conditions><condition number="0" type="jump" coverage="50%"/></conditions></line><line number="161" hits="18" branch="false"/><line number="162" hits="18" branch="false"/><line number="163" hits="6" branch="false"/><line number="166" hits="4" branch="true" condition-coverage="50% (6/12)"><conditions><condition number="0" type="jump" coverage="50%"/></conditions></line><line number="167" hits="2" branch="true" condition-coverage="50% (8/16)"><conditions><condition number="0" type="jump" coverage="50%"/></conditions></line><line number="169" hits="2" branch="true" condition-coverage="50% (2/4)"><conditions><condition number="0" type="jump" coverage="50%"/></conditions></line><line number="170" hits="8" branch="true" condition-coverage="100% (4/4)"><conditions><condition number="0" type="jump" coverage="100%"/></conditions></line><line number="171" hits="6" branch="false"/><line number="172" hits="24" branch="true" condition-coverage="100% (4/4)"><conditions><condition number="0" type="jump" coverage="100%"/></conditions></line><line number="173" hits="18" branch="false"/><line number="174" hits="18" branch="false"/><line number="175" hits="6" branch="false"/><line number="176" hits="6" branch="false"/><line number="177" hits="2" branch="false"/><line number="178" hits="2" branch="true" condition-coverage="50% (2/4)"><conditions><condition number="0" type="jump" coverage="50%"/></conditions></line><line number="181" hits="0" branch="false"/><line number="182" hits="0" branch="false"/><line number="183" hits="0" branch="false"/><line number="186" hits="0" branch="false"/><line number="187" hits="0" branch="false"/><line number="189" hits="0" branch="true" condition-coverage="0% (0/4)"><conditions><condition number="0" type="jump" coverage="0%"/></conditions></line><line number="190" hits="0" branch="true" condition-coverage="0% (0/4)"><conditions><condition number="0" type="jump" coverage="0%"/></conditions></line><line number="191" hits="0" branch="true" condition-coverage="0% (0/4)"><conditions><condition number="0" type="jump" coverage="0%"/></conditions></line><line number="192" hits="0" branch="false"/><line number="193" hits="0" branch="true" condition-coverage="0% (0/4)"><conditions><condition number="0" type="jump" coverage="0%"/></conditions></line><line number="194" hits="0" branch="false"/><line number="195" hits="0" branch="false"/><line number="196" hits="0" branch="false"/><line number="198" hits="0" branch="false"/><line number="199" hits="0" branch="true" condition-coverage="0% (0/24)"><conditions><condition number="0" type="jump" coverage="0%"/></conditions></line><line number="200" hits="0" branch="false"/><line number="201" hits="0" branch="false"/><line number="202" hits="0" branch="false"/><line number="207" hits="2" branch="false"/><line number="209" hits="2" branch="true" condition-coverage="50% (2/4)"><conditions><condition number="0" type="jump" coverage="50%"/></conditions></line><line number="211" hits="2" branch="true" condition-coverage="50% (2/4)"><conditions><condition number="0" type="jump" coverage="50%"/></conditions></line><line number="212" hits="8" branch="true" condition-coverage="100% (4/4)"><conditions><condition number="0" type="jump" coverage="100%"/></conditions></line><line number="213" hits="6" branch="false"/><line number="214" hits="24" branch="true" condition-coverage="100% (4/4)"><conditions><condition number="0" type="jump" coverage="100%"/></conditions></line><line number="215" hits="18" branch="false"/><line number="216" hits="18" branch="false"/><line number="217" hits="6" branch="false"/><line number="218" hits="6" branch="false"/><line number="219" hits="2" branch="false"/><line number="220" hits="2" branch="true" condition-coverage="50% (2/4)"><conditions><condition number="0" type="jump" coverage="50%"/></conditions></line><line number="223" hits="0" branch="false"/><line number="224" hits="0" branch="false"/><line number="225" hits="0" branch="false"/><line number="227" hits="0" branch="true" condition-coverage="0% (0/12)"><conditions><condition number="0" type="jump" coverage="0%"/></conditions></line><line number="228" hits="0" branch="false"/><line number="233" hits="2" branch="false"/><line number="235" hits="2" branch="true" condition-coverage="50% (2/4)"><conditions><condition number="0" type="jump" coverage="50%"/></conditions></line><line number="237" hits="2" branch="true" condition-coverage="50% (2/4)"><conditions><condition number="0" type="jump" coverage="50%"/></conditions></line><line number="238" hits="8" branch="true" condition-coverage="100% (4/4)"><conditions><condition number="0" type="jump" coverage="100%"/></conditions></line><line number="239" hits="6" branch="false"/><line number="240" hits="24" branch="true" condition-coverage="100% (4/4)"><conditions><condition number="0" type="jump" coverage="100%"/></conditions></line><line number="241" hits="18" branch="false"/><line number="242" hits="18" branch="false"/><line number="243" hits="6" branch="false"/><line number="244" hits="6" branch="false"/><line number="245" hits="2" branch="false"/><line number="246" hits="2" branch="true" condition-coverage="50% (2/4)"><conditions><condition number="0" type="jump" coverage="50%"/></conditions></line><line number="249" hits="0" branch="false"/><line number="250" hits="0" branch="false"/><line number="251" hits="0" branch="false"/><line number="253" hits="0" branch="true" condition-coverage="0% (0/4)"><conditions><condition number="0" type="jump" coverage="0%"/></conditions></line><line number="254" hits="0" branch="true" condition-coverage="0% (0/4)"><conditions><condition number="0" type="jump" coverage="0%"/></conditions></line><line number="255" hits="0" branch="true" condition-coverage="0% (0/4)"><conditions><condition number="0" type="jump" coverage="0%"/></conditions></line><line number="256" hits="0" branch="true" condition-coverage="0% (0/4)"><conditions><condition number="0" type="jump" coverage="0%"/></conditions></line><line number="257" hits="0" branch="false"/><line number="258" hits="0" branch="false"/><line number="259" hits="0" branch="false"/><line number="260" hits="0" branch="false"/><line number="261" hits="0" branch="true" condition-coverage="0% (0/8)"><conditions><condition number="0" type="jump" coverage="0%"/></conditions></line><line number="262" hits="0" branch="false"/></lines></class><class name="ModelLayer_cpp" filename="nn-cpp/ModelLayer.cpp" line-rate="0.2222222222222222" branch-rate="1.0" complexity="0.0"><methods/><lines><line number="3" hits="40850" branch="false"/><line number="5" hits="5060" branch="false"/><line number="7" hits="0" branch="false"/><line number="8" hits="0" branch="false"/><line number="9" hits="0" branch="false"/><line number="11" hits="0" branch="false"/><line number="12" hits="0" branch="false"/><line number="15" hits="0" branch="false"/><line number="16" hits="0" branch="false"/></lines></class><class name="Model_cpp" filename="nn-cpp/Model.cpp" line-rate="0.0" branch-rate="0.0" complexity="0.0"><methods/><lines><line number="6" hits="0" branch="true" condition-coverage="0% (0/128)"><conditions><condition number="0" type="jump" coverage="0%"/></conditions></line><line number="12" hits="0" branch="false"/><line number="14" hits="0" branch="true" condition-coverage="0% (0/896)"><conditions><condition number="0" type="jump" coverage="0%"/></conditions></line><line number="15" hits="0" branch="false"/><line number="20" hits="0" branch="false"/><line number="22" hits="0" branch="false"/><line number="23" hits="0" branch="false"/><line number="28" hits="0" branch="false"/><line number="30" hits="0" branch="false"/><line number="31" hits="0" branch="false"/><line number="36" hits="0" branch="false"/><line number="38" hits="0" branch="false"/><line number="39" hits="0" branch="false"/><line number="44" hits="0" branch="false"/><line number="45" hits="0" branch="false"/><line number="46" hits="0" branch="true" condition-coverage="0% (0/256)"><conditions><condition number="0" type="jump" coverage="0%"/></conditions></line><line number="47" hits="0" branch="false"/><line number="50" hits="0" branch="true" condition-coverage="0% (0/256)"><conditions><condition number="0" type="jump" coverage="0%"/></conditions></line><line number="52" hits="0" branch="false"/><line number="53" hits="0" branch="false"/><line number="54" hits="0" branch="false"/><line number="61" hits="0" branch="false"/><line number="64" hits="0" branch="false"/><line number="65" hits="0" branch="false"/><line number="66" hits="0" branch="true" condition-coverage="0% (0/128)"><conditions><condition number="0" type="jump" coverage="0%"/></conditions></line><line number="67" hits="0" branch="true" condition-coverage="0% (0/256)"><conditions><condition number="0" type="jump" coverage="0%"/></conditions></line><line number="68" hits="0" branch="true" condition-coverage="0% (0/256)"><conditions><condition number="0" type="jump" coverage="0%"/></conditions></line><line number="69" hits="0" branch="false"/><line number="70" hits="0" branch="false"/><line number="71" hits="0" branch="false"/><line number="72" hits="0" branch="true" condition-coverage="0% (0/128)"><conditions><condition number="0" type="jump" coverage="0%"/></conditions></line><line number="73" hits="0" branch="false"/><line number="74" hits="0" branch="true" condition-coverage="0% (0/128)"><conditions><condition number="0" type="jump" coverage="0%"/></conditions></line><line number="75" hits="0" branch="true" condition-coverage="0% (0/512)"><conditions><condition number="0" type="jump" coverage="0%"/></conditions></line><line number="76" hits="0" branch="false"/><line number="77" hits="0" branch="true" condition-coverage="0% (0/384)"><conditions><condition number="0" type="jump" coverage="0%"/></conditions></line><line number="78" hits="0" branch="true" condition-coverage="0% (0/128)"><conditions><condition number="0" type="jump" coverage="0%"/></conditions></line><line number="80" hits="0" branch="true" condition-coverage="0% (0/128)"><conditions><condition number="0" type="jump" coverage="0%"/></conditions></line><line number="81" hits="0" branch="false"/><line number="86" hits="0" branch="false"/><line number="90" hits="0" branch="false"/><line number="92" hits="0" branch="false"/><line number="93" hits="0" branch="true" condition-coverage="0% (0/128)"><conditions><condition number="0" type="jump" coverage="0%"/></conditions></line><line number="94" hits="0" branch="false"/><line number="95" hits="0" branch="false"/><line number="97" hits="0" branch="true" condition-coverage="0% (0/128)"><conditions><condition number="0" type="jump" coverage="0%"/></conditions></line><line number="98" hits="0" branch="false"/><line number="100" hits="0" branch="false"/><line number="101" hits="0" branch="false"/><line number="103" hits="0" branch="true" condition-coverage="0% (0/128)"><conditions><condition number="0" type="jump" coverage="0%"/></conditions></line><line number="104" hits="0" branch="false"/><line number="106" hits="0" branch="true" condition-coverage="0% (0/128)"><conditions><condition number="0" type="jump" coverage="0%"/></conditions></line><line number="108" hits="0" branch="true" condition-coverage="0% (0/256)"><conditions><condition number="0" type="jump" coverage="0%"/></conditions></line><line number="109" hits="0" branch="false"/><line number="110" hits="0" branch="true" condition-coverage="0% (0/128)"><conditions><condition number="0" type="jump" coverage="0%"/></conditions></line><line number="111" hits="0" branch="true" condition-coverage="0% (0/256)"><conditions><condition number="0" type="jump" coverage="0%"/></conditions></line><line number="112" hits="0" branch="true" condition-coverage="0% (0/256)"><conditions><condition number="0" type="jump" coverage="0%"/></conditions></line><line number="113" hits="0" branch="false"/><line number="114" hits="0" branch="false"/><line number="115" hits="0" branch="false"/><line number="117" hits="0" branch="false"/><line number="119" hits="0" branch="true" condition-coverage="0% (0/128)"><conditions><condition number="0" type="jump" coverage="0%"/></conditions></line><line number="120" hits="0" branch="true" condition-coverage="0% (0/256)"><conditions><condition number="0" type="jump" coverage="0%"/></conditions></line><line number="121" hits="0" branch="false"/><line number="123" hits="0" branch="true" condition-coverage="0% (0/128)"><conditions><condition number="0" type="jump" coverage="0%"/></conditions></line><line number="125" hits="0" branch="true" condition-coverage="0% (0/128)"><conditions><condition number="0" type="jump" coverage="0%"/></conditions></line><line number="126" hits="0" branch="true" condition-coverage="0% (0/128)"><conditions><condition number="0" type="jump" coverage="0%"/></conditions></line><line number="127" hits="0" branch="true" condition-coverage="0% (0/256)"><conditions><condition number="0" type="jump" coverage="0%"/></conditions></line><line number="128" hits="0" branch="true" condition-coverage="0% (0/256)"><conditions><condition number="0" type="jump" coverage="0%"/></conditions></line><line number="129" hits="0" branch="false"/><line number="130" hits="0" branch="false"/><line number="131" hits="0" branch="false"/><line number="133" hits="0" branch="true" condition-coverage="0% (0/128)"><conditions><condition number="0" type="jump" coverage="0%"/></conditions></line><line number="135" hits="0" branch="true" condition-coverage="0% (0/256)"><conditions><condition number="0" type="jump" coverage="0%"/></conditions></line><line number="136" hits="0" branch="false"/><line number="138" hits="0" branch="true" condition-coverage="0% (0/640)"><conditions><condition number="0" type="jump" coverage="0%"/></conditions></line><line number="139" hits="0" branch="true" condition-coverage="0% (0/384)"><conditions><condition number="0" type="jump" coverage="0%"/></conditions></line><line number="140" hits="0" branch="true" condition-coverage="0% (0/384)"><conditions><condition number="0" type="jump" coverage="0%"/></conditions></line><line number="141" hits="0" branch="true" condition-coverage="0% (0/512)"><conditions><condition number="0" type="jump" coverage="0%"/></conditions></line><line number="142" hits="0" branch="true" condition-coverage="0% (0/512)"><conditions><condition number="0" type="jump" coverage="0%"/></conditions></line><line number="143" hits="0" branch="true" condition-coverage="0% (0/256)"><conditions><condition number="0" type="jump" coverage="0%"/></conditions></line><line number="144" hits="0" branch="true" condition-coverage="0% (0/384)"><conditions><condition number="0" type="jump" coverage="0%"/></conditions></line><line number="145" hits="0" branch="true" condition-coverage="0% (0/128)"><conditions><condition number="0" type="jump" coverage="0%"/></conditions></line><line number="146" hits="0" branch="true" condition-coverage="0% (0/256)"><conditions><condition number="0" type="jump" coverage="0%"/></conditions></line><line number="147" hits="0" branch="true" condition-coverage="0% (0/128)"><conditions><condition number="0" type="jump" coverage="0%"/></conditions></line><line number="148" hits="0" branch="true" condition-coverage="0% (0/128)"><conditions><condition number="0" type="jump" coverage="0%"/></conditions></line><line number="149" hits="0" branch="true" condition-coverage="0% (0/256)"><conditions><condition number="0" type="jump" coverage="0%"/></conditions></line><line number="150" hits="0" branch="false"/><line number="151" hits="0" branch="false"/><line number="152" hits="0" branch="false"/><line number="154" hits="0" branch="false"/><line number="155" hits="0" branch="false"/><line number="157" hits="0" branch="false"/><line number="158" hits="0" branch="false"/><line number="161" hits="0" branch="true" condition-coverage="0% (0/256)"><conditions><condition number="0" type="jump" coverage="0%"/></conditions></line><line number="162" hits="0" branch="false"/><line number="163" hits="0" branch="false"/><line number="165" hits="0" branch="false"/><line number="166" hits="0" branch="true" condition-coverage="0% (0/128)"><conditions><condition number="0" type="jump" coverage="0%"/></conditions></line><line number="167" hits="0" branch="false"/><line number="168" hits="0" branch="false"/><line number="170" hits="0" branch="true" condition-coverage="0% (0/128)"><conditions><condition number="0" type="jump" coverage="0%"/></conditions></line><line number="171" hits="0" branch="false"/><line number="172" hits="0" branch="false"/><line number="174" hits="0" branch="true" condition-coverage="0% (0/128)"><conditions><condition number="0" type="jump" coverage="0%"/></conditions></line><line number="176" hits="0" branch="true" condition-coverage="0% (0/128)"><conditions><condition number="0" type="jump" coverage="0%"/></conditions></line><line number="177" hits="0" branch="true" condition-coverage="0% (0/256)"><conditions><condition number="0" type="jump" coverage="0%"/></conditions></line><line number="179" hits="0" branch="true" condition-coverage="0% (0/256)"><conditions><condition number="0" type="jump" coverage="0%"/></conditions></line><line number="180" hits="0" branch="false"/><line number="182" hits="0" branch="false"/><line number="183" hits="0" branch="false"/><line number="185" hits="0" branch="false"/><line number="186" hits="0" branch="false"/><line number="187" hits="0" branch="false"/><line number="188" hits="0" branch="false"/><line number="189" hits="0" branch="false"/><line number="195" hits="0" branch="false"/><line number="196" hits="0" branch="false"/><line number="203" hits="0" branch="false"/><line number="205" hits="0" branch="false"/><line number="206" hits="0" branch="true" condition-coverage="0% (0/128)"><conditions><condition number="0" type="jump" coverage="0%"/></conditions></line><line number="207" hits="0" branch="false"/><line number="208" hits="0" branch="false"/><line number="210" hits="0" branch="false"/><line number="216" hits="0" branch="false"/><line number="218" hits="0" branch="true" condition-coverage="0% (0/128)"><conditions><condition number="0" type="jump" coverage="0%"/></conditions></line><line number="219" hits="0" branch="false"/><line number="220" hits="0" branch="true" condition-coverage="0% (0/128)"><conditions><condition number="0" type="jump" coverage="0%"/></conditions></line><line number="221" hits="0" branch="false"/><line number="222" hits="0" branch="true" condition-coverage="0% (0/128)"><conditions><condition number="0" type="jump" coverage="0%"/></conditions></line><line number="223" hits="0" branch="false"/><line number="224" hits="0" branch="false"/><line number="225" hits="0" branch="false"/><line number="226" hits="0" branch="false"/><line number="229" hits="0" branch="false"/><line number="230" hits="0" branch="true" condition-coverage="0% (0/128)"><conditions><condition number="0" type="jump" coverage="0%"/></conditions></line><line number="231" hits="0" branch="true" condition-coverage="0% (0/128)"><conditions><condition number="0" type="jump" coverage="0%"/></conditions></line><line number="232" hits="0" branch="false"/><line number="233" hits="0" branch="false"/><line number="235" hits="0" branch="false"/><line number="241" hits="0" branch="false"/><line number="243" hits="0" branch="false"/><line number="244" hits="0" branch="true" condition-coverage="0% (0/128)"><conditions><condition number="0" type="jump" coverage="0%"/></conditions></line><line number="245" hits="0" branch="false"/><line number="246" hits="0" branch="false"/><line number="248" hits="0" branch="false"/><line number="249" hits="0" branch="true" condition-coverage="0% (0/128)"><conditions><condition number="0" type="jump" coverage="0%"/></conditions></line><line number="250" hits="0" branch="false"/><line number="251" hits="0" branch="true" condition-coverage="0% (0/128)"><conditions><condition number="0" type="jump" coverage="0%"/></conditions></line><line number="252" hits="0" branch="true" condition-coverage="0% (0/128)"><conditions><condition number="0" type="jump" coverage="0%"/></conditions></line><line number="254" hits="0" branch="true" condition-coverage="0% (0/128)"><conditions><condition number="0" type="jump" coverage="0%"/></conditions></line><line number="255" hits="0" branch="true" condition-coverage="0% (0/128)"><conditions><condition number="0" type="jump" coverage="0%"/></conditions></line><line number="256" hits="0" branch="true" condition-coverage="0% (0/128)"><conditions><condition number="0" type="jump" coverage="0%"/></conditions></line><line number="258" hits="0" branch="false"/><line number="260" hits="0" branch="true" condition-coverage="0% (0/128)"><conditions><condition number="0" type="jump" coverage="0%"/></conditions></line><line number="261" hits="0" branch="false"/></lines></class><class name="Optimizers_cpp" filename="nn-cpp/Optimizers.cpp" line-rate="0.0" branch-rate="0.0" complexity="0.0"><methods/><lines><line number="6" hits="0" branch="false"/><line number="7" hits="0" branch="false"/><line number="8" hits="0" branch="false"/><line number="10" hits="0" branch="false"/><line number="11" hits="0" branch="true" condition-coverage="0% (0/4)"><conditions><condition number="0" type="jump" coverage="0%"/></conditions></line><line number="13" hits="0" branch="false"/><line number="14" hits="0" branch="false"/><line number="15" hits="0" branch="false"/><line number="17" hits="0" branch="false"/><line number="19" hits="0" branch="false"/><line number="20" hits="0" branch="false"/><line number="24" hits="0" branch="false"/><line number="26" hits="0" branch="false"/><line number="29" hits="0" branch="false"/><line number="30" hits="0" branch="false"/><line number="31" hits="0" branch="false"/><line number="32" hits="0" branch="true" condition-coverage="0% (0/4)"><conditions><condition number="0" type="jump" coverage="0%"/></conditions></line><line number="33" hits="0" branch="true" condition-coverage="0% (0/12)"><conditions><condition number="0" type="jump" coverage="0%"/></conditions></line><line number="34" hits="0" branch="true" condition-coverage="0% (0/8)"><conditions><condition number="0" type="jump" coverage="0%"/></conditions></line><line number="35" hits="0" branch="true" condition-coverage="0% (0/4)"><conditions><condition number="0" type="jump" coverage="0%"/></conditions></line><line number="37" hits="0" branch="true" condition-coverage="0% (0/12)"><conditions><condition number="0" type="jump" coverage="0%"/></conditions></line><line number="38" hits="0" branch="true" condition-coverage="0% (0/8)"><conditions><condition number="0" type="jump" coverage="0%"/></conditions></line><line number="39" hits="0" branch="true" condition-coverage="0% (0/4)"><conditions><condition number="0" type="jump" coverage="0%"/></conditions></line><line number="40" hits="0" branch="false"/><line number="41" hits="0" branch="true" condition-coverage="0% (0/8)"><conditions><condition number="0" type="jump" coverage="0%"/></conditions></line><line number="42" hits="0" branch="true" condition-coverage="0% (0/8)"><conditions><condition number="0" type="jump" coverage="0%"/></conditions></line><line number="44" hits="0" branch="true" condition-coverage="0% (0/12)"><conditions><condition n
[...]
er="0" type="jump" coverage="50%"/></conditions></line><line number="632" hits="2" branch="true" condition-coverage="50% (2/4)"><conditions><condition number="0" type="jump" coverage="50%"/></conditions></line><line number="633" hits="2" branch="true" condition-coverage="50% (2/4)"><conditions><condition number="0" type="jump" coverage="50%"/></conditions></line><line number="634" hits="2" branch="true" condition-coverage="50% (2/4)"><conditions><condition number="0" type="jump" coverage="50%"/></conditions></line><line number="635" hits="2" branch="true" condition-coverage="50% (2/4)"><conditions><condition number="0" type="jump" coverage="50%"/></conditions></line><line number="636" hits="2" branch="true" condition-coverage="50% (2/4)"><conditions><condition number="0" type="jump" coverage="50%"/></conditions></line><line number="637" hits="2" branch="true" condition-coverage="50% (2/4)"><conditions><condition number="0" type="jump" coverage="50%"/></conditions></line><line number="638" hits="2" branch="true" condition-coverage="50% (2/4)"><conditions><condition number="0" type="jump" coverage="50%"/></conditions></line><line number="639" hits="2" branch="true" condition-coverage="50% (2/4)"><conditions><condition number="0" type="jump" coverage="50%"/></conditions></line><line number="640" hits="2" branch="true" condition-coverage="50% (2/4)"><conditions><condition number="0" type="jump" coverage="50%"/></conditions></line><line number="641" hits="2" branch="true" condition-coverage="50% (2/4)"><conditions><condition number="0" type="jump" coverage="50%"/></conditions></line><line number="642" hits="2" branch="true" condition-coverage="50% (2/4)"><conditions><condition number="0" type="jump" coverage="50%"/></conditions></line><line number="643" hits="2" branch="true" condition-coverage="50% (2/4)"><conditions><condition number="0" type="jump" coverage="50%"/></conditions></line><line number="645" hits="332" branch="true" condition-coverage="25% (20/80)"><conditions><condition number="0" type="jump" coverage="25%"/></conditions></line><line number="646" hits="2" branch="false"/><line number="648" hits="2" branch="true" condition-coverage="0% (0/6)"><conditions><condition number="0" type="jump" coverage="0%"/></conditions></line><line number="649" hits="2" branch="true" condition-coverage="50% (4/8)"><conditions><condition number="0" type="jump" coverage="50%"/></conditions></line><line number="650" hits="2" branch="true" condition-coverage="50% (2/4)"><conditions><condition number="0" type="jump" coverage="50%"/></conditions></line><line number="651" hits="2" branch="true" condition-coverage="50% (2/4)"><conditions><condition number="0" type="jump" coverage="50%"/></conditions></line><line number="652" hits="2" branch="true" condition-coverage="50% (2/4)"><conditions><condition number="0" type="jump" coverage="50%"/></conditions></line><line number="653" hits="2" branch="true" condition-coverage="50% (2/4)"><conditions><condition number="0" type="jump" coverage="50%"/></conditions></line><line number="654" hits="2" branch="true" condition-coverage="50% (2/4)"><conditions><condition number="0" type="jump" coverage="50%"/></conditions></line><line number="655" hits="2" branch="true" condition-coverage="50% (2/4)"><conditions><condition number="0" type="jump" coverage="50%"/></conditions></line><line number="656" hits="2" branch="true" condition-coverage="50% (2/4)"><conditions><condition number="0" type="jump" coverage="50%"/></conditions></line><line number="657" hits="2" branch="true" condition-coverage="50% (2/4)"><conditions><condition number="0" type="jump" coverage="50%"/></conditions></line><line number="658" hits="2" branch="true" condition-coverage="50% (2/4)"><conditions><condition number="0" type="jump" coverage="50%"/></conditions></line><line number="659" hits="2" branch="true" condition-coverage="50% (2/4)"><conditions><condition number="0" type="jump" coverage="50%"/></conditions></line><line number="660" hits="2" branch="true" condition-coverage="50% (2/4)"><conditions><condition number="0" type="jump" coverage="50%"/></conditions></line><line number="661" hits="2" branch="true" condition-coverage="50% (2/4)"><conditions><condition number="0" type="jump" coverage="50%"/></conditions></line><line number="662" hits="2" branch="true" condition-coverage="50% (2/4)"><conditions><condition number="0" type="jump" coverage="50%"/></conditions></line><line number="663" hits="2" branch="true" condition-coverage="50% (2/4)"><conditions><condition number="0" type="jump" coverage="50%"/></conditions></line><line number="664" hits="2" branch="true" condition-coverage="50% (2/4)"><conditions><condition number="0" type="jump" coverage="50%"/></conditions></line><line number="665" hits="2" branch="true" condition-coverage="50% (2/4)"><conditions><condition number="0" type="jump" coverage="50%"/></conditions></line><line number="666" hits="2" branch="true" condition-coverage="50% (2/4)"><conditions><condition number="0" type="jump" coverage="50%"/></conditions></line><line number="667" hits="2" branch="true" condition-coverage="50% (2/4)"><conditions><condition number="0" type="jump" coverage="50%"/></conditions></line><line number="668" hits="2" branch="true" condition-coverage="50% (2/4)"><conditions><condition number="0" type="jump" coverage="50%"/></conditions></line><line number="669" hits="2" branch="true" condition-coverage="50% (2/4)"><conditions><condition number="0" type="jump" coverage="50%"/></conditions></line><line number="670" hits="2" branch="true" condition-coverage="50% (2/4)"><conditions><condition number="0" type="jump" coverage="50%"/></conditions></line><line number="671" hits="2" branch="true" condition-coverage="50% (2/4)"><conditions><condition number="0" type="jump" coverage="50%"/></conditions></line><line number="672" hits="2" branch="true" condition-coverage="50% (2/4)"><conditions><condition number="0" type="jump" coverage="50%"/></conditions></line><line number="673" hits="2" branch="true" condition-coverage="50% (2/4)"><conditions><condition number="0" type="jump" coverage="50%"/></conditions></line><line number="674" hits="2" branch="true" condition-coverage="50% (2/4)"><conditions><condition number="0" type="jump" coverage="50%"/></conditions></line><line number="675" hits="2" branch="true" condition-coverage="50% (2/4)"><conditions><condition number="0" type="jump" coverage="50%"/></conditions></line><line number="676" hits="2" branch="true" condition-coverage="50% (2/4)"><conditions><condition number="0" type="jump" coverage="50%"/></conditions></line><line number="677" hits="2" branch="true" condition-coverage="50% (2/4)"><conditions><condition number="0" type="jump" coverage="50%"/></conditions></line><line number="678" hits="2" branch="true" condition-coverage="50% (2/4)"><conditions><condition number="0" type="jump" coverage="50%"/></conditions></line><line number="679" hits="2" branch="true" condition-coverage="50% (2/4)"><conditions><condition number="0" type="jump" coverage="50%"/></conditions></line><line number="680" hits="2" branch="true" condition-coverage="50% (2/4)"><conditions><condition number="0" type="jump" coverage="50%"/></conditions></line><line number="681" hits="2" branch="true" condition-coverage="50% (2/4)"><conditions><condition number="0" type="jump" coverage="50%"/></conditions></line><line number="682" hits="2" branch="true" condition-coverage="50% (2/4)"><conditions><condition number="0" type="jump" coverage="50%"/></conditions></line><line number="683" hits="2" branch="true" condition-coverage="50% (2/4)"><conditions><condition number="0" type="jump" coverage="50%"/></conditions></line><line number="684" hits="2" branch="true" condition-coverage="50% (2/4)"><conditions><condition number="0" type="jump" coverage="50%"/></conditions></line><line number="685" hits="2" branch="true" condition-coverage="50% (2/4)"><conditions><condition number="0" type="jump" coverage="50%"/></conditions></line><line number="686" hits="2" branch="true" condition-coverage="50% (2/4)"><conditions><condition number="0" type="jump" coverage="50%"/></conditions></line><line number="687" hits="2" branch="true" condition-coverage="50% (2/4)"><conditions><condition number="0" type="jump" coverage="50%"/></conditions></line><line number="688" hits="2" branch="true" condition-coverage="50% (2/4)"><conditions><condition number="0" type="jump" coverage="50%"/></conditions></line><line number="689" hits="2" branch="true" condition-coverage="50% (2/4)"><conditions><condition number="0" type="jump" coverage="50%"/></conditions></line><line number="690" hits="2" branch="true" condition-coverage="50% (2/4)"><conditions><condition number="0" type="jump" coverage="50%"/></conditions></line><line number="691" hits="2" branch="true" condition-coverage="50% (2/4)"><conditions><condition number="0" type="jump" coverage="50%"/></conditions></line><line number="692" hits="2" branch="true" condition-coverage="50% (2/4)"><conditions><condition number="0" type="jump" coverage="50%"/></conditions></line><line number="693" hits="2" branch="true" condition-coverage="50% (2/4)"><conditions><condition number="0" type="jump" coverage="50%"/></conditions></line><line number="694" hits="2" branch="true" condition-coverage="50% (2/4)"><conditions><condition number="0" type="jump" coverage="50%"/></conditions></line><line number="695" hits="2" branch="true" condition-coverage="50% (2/4)"><conditions><condition number="0" type="jump" coverage="50%"/></conditions></line><line number="696" hits="2" branch="true" condition-coverage="50% (2/4)"><conditions><condition number="0" type="jump" coverage="50%"/></conditions></line><line number="697" hits="2" branch="true" condition-coverage="50% (2/4)"><conditions><condition number="0" type="jump" coverage="50%"/></conditions></line><line number="698" hits="2" branch="true" condition-coverage="50% (2/4)"><conditions><condition number="0" type="jump" coverage="50%"/></conditions></line><line number="700" hits="2" branch="true" condition-coverage="50% (2/4)"><conditions><condition number="0" type="jump" coverage="50%"/></conditions></line><line number="702" hits="2" branch="true" condition-coverage="50% (4/8)"><conditions><condition number="0" type="jump" coverage="50%"/></conditions></line><line number="703" hits="2" branch="true" condition-coverage="50% (2/4)"><conditions><condition number="0" type="jump" coverage="50%"/></conditions></line><line number="704" hits="2" branch="true" condition-coverage="50% (2/4)"><conditions><condition number="0" type="jump" coverage="50%"/></conditions></line><line number="705" hits="2" branch="true" condition-coverage="50% (2/4)"><conditions><condition number="0" type="jump" coverage="50%"/></conditions></line><line number="706" hits="2" branch="true" condition-coverage="50% (2/4)"><conditions><condition number="0" type="jump" coverage="50%"/></conditions></line><line number="707" hits="2" branch="true" condition-coverage="50% (2/4)"><conditions><condition number="0" type="jump" coverage="50%"/></conditions></line><line number="708" hits="2" branch="true" condition-coverage="50% (2/4)"><conditions><condition number="0" type="jump" coverage="50%"/></conditions></line><line number="709" hits="2" branch="true" condition-coverage="50% (2/4)"><conditions><condition number="0" type="jump" coverage="50%"/></conditions></line><line number="710" hits="2" branch="true" condition-coverage="50% (2/4)"><conditions><condition number="0" type="jump" coverage="50%"/></conditions></line><line number="711" hits="2" branch="true" condition-coverage="50% (2/4)"><conditions><condition number="0" type="jump" coverage="50%"/></conditions></line><line number="712" hits="2" branch="true" condition-coverage="50% (2/4)"><conditions><condition number="0" type="jump" coverage="50%"/></conditions></line><line number="713" hits="2" branch="true" condition-coverage="50% (2/4)"><conditions><condition number="0" type="jump" coverage="50%"/></conditions></line><line number="714" hits="2" branch="true" condition-coverage="50% (2/4)"><conditions><condition number="0" type="jump" coverage="50%"/></conditions></line><line number="715" hits="2" branch="true" condition-coverage="50% (2/4)"><conditions><condition number="0" type="jump" coverage="50%"/></conditions></line><line number="716" hits="2" branch="true" condition-coverage="50% (2/4)"><conditions><condition number="0" type="jump" coverage="50%"/></conditions></line><line number="717" hits="2" branch="true" condition-coverage="50% (2/4)"><conditions><condition number="0" type="jump" coverage="50%"/></conditions></line><line number="718" hits="2" branch="true" condition-coverage="50% (2/4)"><conditions><condition number="0" type="jump" coverage="50%"/></conditions></line><line number="719" hits="2" branch="true" condition-coverage="50% (2/4)"><conditions><condition number="0" type="jump" coverage="50%"/></conditions></line><line number="720" hits="2" branch="true" condition-coverage="50% (2/4)"><conditions><condition number="0" type="jump" coverage="50%"/></conditions></line><line number="721" hits="2" branch="true" condition-coverage="50% (2/4)"><conditions><condition number="0" type="jump" coverage="50%"/></conditions></line><line number="723" hits="2042" branch="true" condition-coverage="25% (20/80)"><conditions><condition number="0" type="jump" coverage="25%"/></conditions></line><line number="724" hits="2" branch="false"/><line number="726" hits="2" branch="true" condition-coverage="0% (0/6)"><conditions><condition number="0" type="jump" coverage="0%"/></conditions></line><line number="727" hits="2" branch="true" condition-coverage="50% (6/12)"><conditions><condition number="0" type="jump" coverage="50%"/></conditions></line><line number="729" hits="2" branch="true" condition-coverage="50% (2/4)"><conditions><condition number="0" type="jump" coverage="50%"/></conditions></line><line number="731" hits="2" branch="false"/><line number="733" hits="2" branch="true" condition-coverage="16% (4/24)"><conditions><condition number="0" type="jump" coverage="16%"/></conditions></line><line number="734" hits="2" branch="false"/><line number="736" hits="2" branch="true" condition-coverage="0% (0/6)"><conditions><condition number="0" type="jump" coverage="0%"/></conditions></line><line number="737" hits="2" branch="true" condition-coverage="50% (4/8)"><conditions><condition number="0" type="jump" coverage="50%"/></conditions></line><line number="738" hits="2" branch="true" condition-coverage="50% (2/4)"><conditions><condition number="0" type="jump" coverage="50%"/></conditions></line><line number="739" hits="2" branch="true" condition-coverage="50% (2/4)"><conditions><condition number="0" type="jump" coverage="50%"/></conditions></line><line number="740" hits="2" branch="true" condition-coverage="50% (2/4)"><conditions><condition number="0" type="jump" coverage="50%"/></conditions></line><line number="741" hits="2" branch="true" condition-coverage="50% (2/4)"><conditions><condition number="0" type="jump" coverage="50%"/></conditions></line><line number="742" hits="2" branch="true" condition-coverage="50% (2/4)"><conditions><condition number="0" type="jump" coverage="50%"/></conditions></line><line number="743" hits="2" branch="true" condition-coverage="50% (2/4)"><conditions><condition number="0" type="jump" coverage="50%"/></conditions></line><line number="744" hits="2" branch="true" condition-coverage="50% (2/4)"><conditions><condition number="0" type="jump" coverage="50%"/></conditions></line><line number="745" hits="2" branch="true" condition-coverage="50% (2/4)"><conditions><condition number="0" type="jump" coverage="50%"/></conditions></line><line number="746" hits="2" branch="true" condition-coverage="50% (2/4)"><conditions><condition number="0" type="jump" coverage="50%"/></conditions></line><line number="748" hits="2" branch="true" condition-coverage="50% (2/4)"><conditions><condition number="0" type="jump" coverage="50%"/></conditions></line><line number="750" hits="2" branch="false"/><line number="752" hits="2" branch="true" condition-coverage="16% (4/24)"><conditions><condition number="0" type="jump" coverage="16%"/></conditions></line><line number="753" hits="2" branch="false"/><line number="755" hits="2" branch="true" condition-coverage="0% (0/6)"><conditions><condition number="0" type="jump" coverage="0%"/></conditions></line><line number="756" hits="2" branch="true" condition-coverage="50% (4/8)"><conditions><condition number="0" type="jump" coverage="50%"/></conditions></line><line number="757" hits="2" branch="true" condition-coverage="50% (2/4)"><conditions><condition number="0" type="jump" coverage="50%"/></conditions></line><line number="758" hits="2" branch="true" condition-coverage="50% (2/4)"><conditions><condition number="0" type="jump" coverage="50%"/></conditions></line><line number="759" hits="2" branch="true" condition-coverage="50% (2/4)"><conditions><condition number="0" type="jump" coverage="50%"/></conditions></line><line number="760" hits="2" branch="true" condition-coverage="50% (2/4)"><conditions><condition number="0" type="jump" coverage="50%"/></conditions></line><line number="761" hits="2" branch="true" condition-coverage="50% (2/4)"><conditions><condition number="0" type="jump" coverage="50%"/></conditions></line><line number="762" hits="2" branch="true" condition-coverage="50% (2/4)"><conditions><condition number="0" type="jump" coverage="50%"/></conditions></line><line number="763" hits="2" branch="true" condition-coverage="50% (2/4)"><conditions><condition number="0" type="jump" coverage="50%"/></conditions></line><line number="764" hits="2" branch="true" condition-coverage="50% (2/4)"><conditions><condition number="0" type="jump" coverage="50%"/></conditions></line><line number="765" hits="2" branch="true" condition-coverage="50% (2/4)"><conditions><condition number="0" type="jump" coverage="50%"/></conditions></line><line number="766" hits="2" branch="true" condition-coverage="50% (2/4)"><conditions><condition number="0" type="jump" coverage="50%"/></conditions></line><line number="767" hits="2" branch="true" condition-coverage="50% (2/4)"><conditions><condition number="0" type="jump" coverage="50%"/></conditions></line><line number="768" hits="2" branch="true" condition-coverage="50% (2/4)"><conditions><condition number="0" type="jump" coverage="50%"/></conditions></line><line number="769" hits="2" branch="true" condition-coverage="50% (2/4)"><conditions><condition number="0" type="jump" coverage="50%"/></conditions></line><line number="770" hits="2" branch="true" condition-coverage="50% (2/4)"><conditions><condition number="0" type="jump" coverage="50%"/></conditions></line><line number="771" hits="2" branch="true" condition-coverage="50% (2/4)"><conditions><condition number="0" type="jump" coverage="50%"/></conditions></line><line number="772" hits="2" branch="true" condition-coverage="50% (2/4)"><conditions><condition number="0" type="jump" coverage="50%"/></conditions></line><line number="773" hits="2" branch="true" condition-coverage="50% (2/4)"><conditions><condition number="0" type="jump" coverage="50%"/></conditions></line><line number="774" hits="2" branch="true" condition-coverage="50% (2/4)"><conditions><condition number="0" type="jump" coverage="50%"/></conditions></line><line number="775" hits="2" branch="true" condition-coverage="50% (2/4)"><conditions><condition number="0" type="jump" coverage="50%"/></conditions></line><line number="777" hits="2" branch="true" condition-coverage="50% (2/4)"><conditions><condition number="0" type="jump" coverage="50%"/></conditions></line><line number="779" hits="2" branch="false"/><line number="781" hits="2" branch="true" condition-coverage="16% (4/24)"><conditions><condition number="0" type="jump" coverage="16%"/></conditions></line><line number="782" hits="2" branch="false"/></lines></class></classes></package></packages></coverage>